0 verbose cli D:\app文件\No.js\node.exe D:\app文件\No.js\node_modules\npm\bin\npm-cli.js
1 info using npm@10.8.2
2 info using node@v20.19.3
3 silly config load:file:D:\app文件\No.js\node_modules\npm\npmrc
4 silly config load:file:C:\Users\JasonHe\AppData\Local\Microsoft\TypeScript\5.9\.npmrc
5 silly config load:file:C:\Users\JasonHe\.npmrc
6 silly config load:file:C:\Users\JasonHe\AppData\Roaming\npm\etc\npmrc
7 verbose title npm install types-registry@latest
8 verbose argv "install" "--ignore-scripts" "types-registry@latest"
9 verbose logfile logs-max:10 dir:E:\English Encoding\competition\last\edms\tool_caches\npm\_logs\2026-05-08T01_02_33_010Z-
10 verbose logfile E:\English Encoding\competition\last\edms\tool_caches\npm\_logs\2026-05-08T01_02_33_010Z-debug-0.log
11 silly packumentCache heap:4345298944 maxSize:1086324736 maxEntrySize:543162368
12 silly logfile done cleaning log files
13 silly packumentCache corgi:https://registry.npmmirror.com/types-registry cache-miss
14 http fetch GET 200 https://registry.npmmirror.com/types-registry 11218ms (cache miss)
15 silly packumentCache corgi:https://registry.npmmirror.com/types-registry set size:155009 disposed:false
16 silly idealTree buildDeps
17 silly fetch manifest types-registry@0.1.768
18 silly packumentCache full:https://registry.npmmirror.com/types-registry cache-miss
19 http fetch GET 200 https://registry.npmmirror.com/types-registry 56ms (cache miss)
20 silly packumentCache full:https://registry.npmmirror.com/types-registry set size:243857 disposed:false
21 silly placeDep ROOT types-registry@0.1.768 REPLACE for:  want: 0.1.768
22 silly reify moves {}
23 silly audit bulk request {
23 silly audit   '@types/bindings': [ '1.5.5' ],
23 silly audit   '@types/buffer-crc32': [ '0.2.4' ],
23 silly audit   '@types/bundle-name': [ '4.1.0' ],
23 silly audit   '@types/debug': [ '4.1.13' ],
23 silly audit   '@types/default-browser-id': [ '5.0.0' ],
23 silly audit   '@types/json-bigint': [ '1.0.4' ],
23 silly audit   '@types/jws': [ '3.2.11' ],
23 silly audit   '@types/kerberos': [ '1.1.5' ],
23 silly audit   '@types/less': [ '3.0.8' ],
23 silly audit   '@types/ms': [ '2.1.0' ],
23 silly audit   '@types/node': [ '25.5.0' ],
23 silly audit   '@types/nprogress': [ '0.2.3' ],
23 silly audit   '@types/react': [ '19.2.14' ],
23 silly audit   '@types/stylus': [ '0.48.43' ],
23 silly audit   '@types/yauzl': [ '2.10.3' ],
23 silly audit   '@types/yazl': [ '3.3.0' ],
23 silly audit   csstype: [ '3.2.3' ],
23 silly audit   'undici-types': [ '7.18.2' ],
23 silly audit   'types-registry': [ '0.1.768' ]
23 silly audit }
24 http fetch POST 404 https://registry.npmmirror.com/-/npm/v1/security/advisories/bulk 13ms
25 silly audit bulk request failed [object Object]
26 http fetch POST 404 https://registry.npmmirror.com/-/npm/v1/security/audits/quick 10ms
27 verbose audit error HttpErrorGeneral: 404 Not Found - POST https://registry.npmmirror.com/-/npm/v1/security/audits/quick - [NOT_IMPLEMENTED] /-/npm/v1/security/* not implemented yet
27 verbose audit error     at D:\app文件\No.js\node_modules\npm\node_modules\npm-registry-fetch\lib\check-response.js:95:15
27 verbose audit error     at process.processTicksAndRejections (node:internal/process/task_queues:95:5)
27 verbose audit error     at async [getReport] (D:\app文件\No.js\node_modules\npm\node_modules\@npmcli\arborist\lib\audit-report.js:336:21)
27 verbose audit error     at async AuditReport.run (D:\app文件\No.js\node_modules\npm\node_modules\@npmcli\arborist\lib\audit-report.js:106:19)
27 verbose audit error     at async Arborist.reify (D:\app文件\No.js\node_modules\npm\node_modules\@npmcli\arborist\lib\arborist\reify.js:268:24)
27 verbose audit error     at async Install.exec (D:\app文件\No.js\node_modules\npm\lib\commands\install.js:150:5)
27 verbose audit error     at async Npm.exec (D:\app文件\No.js\node_modules\npm\lib\npm.js:207:9)
27 verbose audit error     at async module.exports (D:\app文件\No.js\node_modules\npm\lib\cli\entry.js:74:5) {
27 verbose audit error   headers: [Object: null prototype] {
27 verbose audit error     server: [ 'Tengine' ],
27 verbose audit error     date: [ 'Fri, 08 May 2026 01:02:48 GMT' ],
27 verbose audit error     'content-type': [ 'application/json' ],
27 verbose audit error     'transfer-encoding': [ 'chunked' ],
27 verbose audit error     connection: [ 'keep-alive' ],
27 verbose audit error     'strict-transport-security': [ 'max-age=5184000' ],
27 verbose audit error     via: [ 'kunlun10.cn9041[,404666]' ],
27 verbose audit error     'timing-allow-origin': [ '*' ],
27 verbose audit error     eagleid: [ '7171640f17782021683101484e' ],
27 verbose audit error     'x-fetch-attempts': [ '1' ]
27 verbose audit error   },
27 verbose audit error   statusCode: 404,
27 verbose audit error   code: 'E404',
27 verbose audit error   method: 'POST',
27 verbose audit error   uri: 'https://registry.npmmirror.com/-/npm/v1/security/audits/quick',
27 verbose audit error   body: {
27 verbose audit error     error: '[NOT_IMPLEMENTED] /-/npm/v1/security/* not implemented yet'
27 verbose audit error   },
27 verbose audit error   pkgid: undefined
27 verbose audit error }
28 silly audit error [object Object]
29 silly audit report null
30 verbose cwd C:\Users\JasonHe\AppData\Local\Microsoft\TypeScript\5.9
31 verbose os Windows_NT 10.0.26200
32 verbose node v20.19.3
33 verbose npm  v10.8.2
34 verbose exit 0
35 info ok
